{"/Users/marina/my-dir/frontend-project-46/src/index.js": {"path":"/Users/marina/my-dir/frontend-project-46/src/index.js","all":false,"statementMap":{"0":{"start":{"line":1,"column":0},"end":{"line":1,"column":23}},"1":{"start":{"line":2,"column":0},"end":{"line":2,"column":20}},"2":{"start":{"line":3,"column":0},"end":{"line":3,"column":24}},"3":{"start":{"line":4,"column":0},"end":{"line":4,"column":30}},"4":{"start":{"line":5,"column":0},"end":{"line":5,"column":31}},"5":{"start":{"line":6,"column":0},"end":{"line":6,"column":0}},"6":{"start":{"line":7,"column":0},"end":{"line":7,"column":68}},"7":{"start":{"line":8,"column":0},"end":{"line":8,"column":0}},"8":{"start":{"line":9,"column":0},"end":{"line":9,"column":48}},"9":{"start":{"line":10,"column":0},"end":{"line":10,"column":0}},"10":{"start":{"line":11,"column":0},"end":{"line":11,"column":58}},"11":{"start":{"line":12,"column":0},"end":{"line":12,"column":0}},"12":{"start":{"line":13,"column":0},"end":{"line":13,"column":38}},"13":{"start":{"line":14,"column":0},"end":{"line":14,"column":37}},"14":{"start":{"line":15,"column":0},"end":{"line":15,"column":37}},"15":{"start":{"line":16,"column":0},"end":{"line":16,"column":56}},"16":{"start":{"line":17,"column":0},"end":{"line":17,"column":49}},"17":{"start":{"line":18,"column":0},"end":{"line":18,"column":29}},"18":{"start":{"line":19,"column":0},"end":{"line":19,"column":61}},"19":{"start":{"line":20,"column":0},"end":{"line":20,"column":5}},"20":{"start":{"line":21,"column":0},"end":{"line":21,"column":29}},"21":{"start":{"line":22,"column":0},"end":{"line":22,"column":63}},"22":{"start":{"line":23,"column":0},"end":{"line":23,"column":5}},"23":{"start":{"line":24,"column":0},"end":{"line":24,"column":78}},"24":{"start":{"line":25,"column":0},"end":{"line":25,"column":14}},"25":{"start":{"line":26,"column":0},"end":{"line":26,"column":75}},"26":{"start":{"line":27,"column":0},"end":{"line":27,"column":8}},"27":{"start":{"line":28,"column":0},"end":{"line":28,"column":5}},"28":{"start":{"line":29,"column":0},"end":{"line":29,"column":63}},"29":{"start":{"line":30,"column":0},"end":{"line":30,"column":5}},"30":{"start":{"line":31,"column":0},"end":{"line":31,"column":24}},"31":{"start":{"line":32,"column":0},"end":{"line":32,"column":2}},"32":{"start":{"line":33,"column":0},"end":{"line":33,"column":0}},"33":{"start":{"line":34,"column":0},"end":{"line":34,"column":19}},"34":{"start":{"line":35,"column":0},"end":{"line":35,"column":0}},"35":{"start":{"line":36,"column":0},"end":{"line":36,"column":40}},"36":{"start":{"line":37,"column":0},"end":{"line":37,"column":52}},"37":{"start":{"line":38,"column":0},"end":{"line":38,"column":24}},"38":{"start":{"line":39,"column":0},"end":{"line":39,"column":21}},"39":{"start":{"line":40,"column":0},"end":{"line":40,"column":55}},"40":{"start":{"line":41,"column":0},"end":{"line":41,"column":23}},"41":{"start":{"line":42,"column":0},"end":{"line":42,"column":55}},"42":{"start":{"line":43,"column":0},"end":{"line":43,"column":21}},"43":{"start":{"line":44,"column":0},"end":{"line":44,"column":96}},"44":{"start":{"line":45,"column":0},"end":{"line":45,"column":19}},"45":{"start":{"line":46,"column":0},"end":{"line":46,"column":55}},"46":{"start":{"line":47,"column":0},"end":{"line":47,"column":14}},"47":{"start":{"line":48,"column":0},"end":{"line":48,"column":44}},"48":{"start":{"line":49,"column":0},"end":{"line":49,"column":5}},"49":{"start":{"line":50,"column":0},"end":{"line":50,"column":5}},"50":{"start":{"line":51,"column":0},"end":{"line":51,"column":43}},"51":{"start":{"line":52,"column":0},"end":{"line":52,"column":2}},"52":{"start":{"line":53,"column":0},"end":{"line":53,"column":0}},"53":{"start":{"line":54,"column":0},"end":{"line":54,"column":35}},"54":{"start":{"line":55,"column":0},"end":{"line":55,"column":47}},"55":{"start":{"line":56,"column":0},"end":{"line":56,"column":47}},"56":{"start":{"line":57,"column":0},"end":{"line":57,"column":0}},"57":{"start":{"line":58,"column":0},"end":{"line":58,"column":49}},"58":{"start":{"line":59,"column":0},"end":{"line":59,"column":49}},"59":{"start":{"line":60,"column":0},"end":{"line":60,"column":0}},"60":{"start":{"line":61,"column":0},"end":{"line":61,"column":37}},"61":{"start":{"line":62,"column":0},"end":{"line":62,"column":37}},"62":{"start":{"line":63,"column":0},"end":{"line":63,"column":0}},"63":{"start":{"line":64,"column":0},"end":{"line":64,"column":44}},"64":{"start":{"line":65,"column":0},"end":{"line":65,"column":44}},"65":{"start":{"line":66,"column":0},"end":{"line":66,"column":0}},"66":{"start":{"line":67,"column":0},"end":{"line":67,"column":54}},"67":{"start":{"line":68,"column":0},"end":{"line":68,"column":0}},"68":{"start":{"line":69,"column":0},"end":{"line":69,"column":38}},"69":{"start":{"line":70,"column":0},"end":{"line":70,"column":0}},"70":{"start":{"line":71,"column":0},"end":{"line":71,"column":16}},"71":{"start":{"line":72,"column":0},"end":{"line":72,"column":2}},"72":{"start":{"line":73,"column":0},"end":{"line":73,"column":0}},"73":{"start":{"line":74,"column":0},"end":{"line":74,"column":23}}},"s":{"0":1,"1":1,"2":1,"3":1,"4":1,"5":1,"6":1,"7":1,"8":1,"9":1,"10":1,"11":1,"12":1,"13":1,"14":1,"15":1,"16":1,"17":5,"18":1,"19":1,"20":5,"21":2,"22":2,"23":5,"24":1,"25":1,"26":1,"27":1,"28":1,"29":1,"30":1,"31":1,"32":1,"33":1,"34":1,"35":1,"36":1,"37":5,"38":5,"39":2,"40":5,"41":1,"42":5,"43":1,"44":5,"45":1,"46":5,"47":0,"48":5,"49":1,"50":1,"51":1,"52":1,"53":1,"54":1,"55":1,"56":1,"57":1,"58":1,"59":1,"60":1,"61":1,"62":1,"63":1,"64":1,"65":1,"66":1,"67":1,"68":1,"69":1,"70":1,"71":1,"72":1,"73":1},"branchMap":{"0":{"type":"branch","line":7,"loc":{"start":{"line":7,"column":25},"end":{"line":7,"column":67}},"locations":[{"start":{"line":7,"column":25},"end":{"line":7,"column":67}}]},"1":{"type":"branch","line":9,"loc":{"start":{"line":9,"column":20},"end":{"line":9,"column":47}},"locations":[{"start":{"line":9,"column":20},"end":{"line":9,"column":47}}]},"2":{"type":"branch","line":11,"loc":{"start":{"line":11,"column":18},"end":{"line":11,"column":57}},"locations":[{"start":{"line":11,"column":18},"end":{"line":11,"column":57}}]},"3":{"type":"branch","line":13,"loc":{"start":{"line":13,"column":19},"end":{"line":32,"column":2}},"locations":[{"start":{"line":13,"column":19},"end":{"line":32,"column":2}}]},"4":{"type":"branch","line":17,"loc":{"start":{"line":17,"column":40},"end":{"line":30,"column":3}},"locations":[{"start":{"line":17,"column":40},"end":{"line":30,"column":3}}]},"5":{"type":"branch","line":18,"loc":{"start":{"line":18,"column":28},"end":{"line":20,"column":5}},"locations":[{"start":{"line":18,"column":28},"end":{"line":20,"column":5}}]},"6":{"type":"branch","line":20,"loc":{"start":{"line":20,"column":4},"end":{"line":21,"column":28}},"locations":[{"start":{"line":20,"column":4},"end":{"line":21,"column":28}}]},"7":{"type":"branch","line":21,"loc":{"start":{"line":21,"column":28},"end":{"line":24,"column":46}},"locations":[{"start":{"line":21,"column":28},"end":{"line":24,"column":46}}]},"8":{"type":"branch","line":24,"loc":{"start":{"line":24,"column":46},"end":{"line":24,"column":75}},"locations":[{"start":{"line":24,"column":46},"end":{"line":24,"column":75}}]},"9":{"type":"branch","line":24,"loc":{"start":{"line":24,"column":77},"end":{"line":30,"column":3}},"locations":[{"start":{"line":24,"column":77},"end":{"line":30,"column":3}}]},"10":{"type":"branch","line":36,"loc":{"start":{"line":36,"column":20},"end":{"line":52,"column":2}},"locations":[{"start":{"line":36,"column":20},"end":{"line":52,"column":2}}]},"11":{"type":"branch","line":37,"loc":{"start":{"line":37,"column":42},"end":{"line":50,"column":3}},"locations":[{"start":{"line":37,"column":42},"end":{"line":50,"column":3}}]},"12":{"type":"branch","line":39,"loc":{"start":{"line":39,"column":6},"end":{"line":40,"column":55}},"locations":[{"start":{"line":39,"column":6},"end":{"line":40,"column":55}}]},"13":{"type":"branch","line":41,"loc":{"start":{"line":41,"column":6},"end":{"line":42,"column":55}},"locations":[{"start":{"line":41,"column":6},"end":{"line":42,"column":55}}]},"14":{"type":"branch","line":43,"loc":{"start":{"line":43,"column":6},"end":{"line":44,"column":96}},"locations":[{"start":{"line":43,"column":6},"end":{"line":44,"column":96}}]},"15":{"type":"branch","line":45,"loc":{"start":{"line":45,"column":6},"end":{"line":46,"column":55}},"locations":[{"start":{"line":45,"column":6},"end":{"line":46,"column":55}}]},"16":{"type":"branch","line":47,"loc":{"start":{"line":47,"column":6},"end":{"line":48,"column":44}},"locations":[{"start":{"line":47,"column":6},"end":{"line":48,"column":44}}]},"17":{"type":"branch","line":54,"loc":{"start":{"line":54,"column":16},"end":{"line":72,"column":2}},"locations":[{"start":{"line":54,"column":16},"end":{"line":72,"column":2}}]}},"b":{"0":[2],"1":[2],"2":[2],"3":[1],"4":[5],"5":[1],"6":[4],"7":[2],"8":[2],"9":[1],"10":[1],"11":[5],"12":[2],"13":[1],"14":[1],"15":[1],"16":[0],"17":[1]},"fnMap":{"0":{"name":"getAbsolutePath","decl":{"start":{"line":7,"column":25},"end":{"line":7,"column":67}},"loc":{"start":{"line":7,"column":25},"end":{"line":7,"column":67}},"line":7},"1":{"name":"getExtName","decl":{"start":{"line":9,"column":20},"end":{"line":9,"column":47}},"loc":{"start":{"line":9,"column":20},"end":{"line":9,"column":47}},"line":9},"2":{"name":"readData","decl":{"start":{"line":11,"column":18},"end":{"line":11,"column":57}},"loc":{"start":{"line":11,"column":18},"end":{"line":11,"column":57}},"line":11},"3":{"name":"getDiffren","decl":{"start":{"line":13,"column":19},"end":{"line":32,"column":2}},"loc":{"start":{"line":13,"column":19},"end":{"line":32,"column":2}},"line":13},"4":{"name":"formatting","decl":{"start":{"line":36,"column":20},"end":{"line":52,"column":2}},"loc":{"start":{"line":36,"column":20},"end":{"line":52,"column":2}},"line":36},"5":{"name":"genDiff","decl":{"start":{"line":54,"column":16},"end":{"line":72,"column":2}},"loc":{"start":{"line":54,"column":16},"end":{"line":72,"column":2}},"line":54}},"f":{"0":2,"1":2,"2":2,"3":1,"4":1,"5":1}}
,"/Users/marina/my-dir/frontend-project-46/src/parse.js": {"path":"/Users/marina/my-dir/frontend-project-46/src/parse.js","all":false,"statementMap":{"0":{"start":{"line":1,"column":0},"end":{"line":1,"column":30}},"1":{"start":{"line":2,"column":0},"end":{"line":2,"column":24}},"2":{"start":{"line":3,"column":0},"end":{"line":3,"column":28}},"3":{"start":{"line":4,"column":0},"end":{"line":4,"column":3}},"4":{"start":{"line":5,"column":0},"end":{"line":5,"column":19}},"5":{"start":{"line":6,"column":0},"end":{"line":6,"column":2}},"6":{"start":{"line":7,"column":0},"end":{"line":7,"column":0}},"7":{"start":{"line":8,"column":0},"end":{"line":8,"column":21}}},"s":{"0":1,"1":2,"2":2,"3":2,"4":0,"5":0,"6":1,"7":1},"branchMap":{"0":{"type":"branch","line":1,"loc":{"start":{"line":1,"column":14},"end":{"line":6,"column":2}},"locations":[{"start":{"line":1,"column":14},"end":{"line":6,"column":2}}]},"1":{"type":"branch","line":4,"loc":{"start":{"line":4,"column":2},"end":{"line":6,"column":2}},"locations":[{"start":{"line":4,"column":2},"end":{"line":6,"column":2}}]}},"b":{"0":[2],"1":[0]},"fnMap":{"0":{"name":"parse","decl":{"start":{"line":1,"column":14},"end":{"line":6,"column":2}},"loc":{"start":{"line":1,"column":14},"end":{"line":6,"column":2}},"line":1}},"f":{"0":2}}
}
