TN:
SF:src/index.js
FN:7,getAbsolutePath
FN:9,getExtName
FN:11,readData
FN:13,getDiffren
FN:36,formatting
FN:54,genDiff
FNF:6
FNH:6
FNDA:2,getAbsolutePath
FNDA:2,getExtName
FNDA:2,readData
FNDA:1,getDiffren
FNDA:1,formatting
FNDA:1,genDiff
DA:1,1
DA:2,1
DA:3,1
DA:4,1
DA:5,1
DA:6,1
DA:7,1
DA:8,1
DA:9,1
DA:10,1
DA:11,1
DA:12,1
DA:13,1
DA:14,1
DA:15,1
DA:16,1
DA:17,1
DA:18,5
DA:19,1
DA:20,1
DA:21,5
DA:22,2
DA:23,2
DA:24,5
DA:25,1
DA:26,1
DA:27,1
DA:28,1
DA:29,1
DA:30,1
DA:31,1
DA:32,1
DA:33,1
DA:34,1
DA:35,1
DA:36,1
DA:37,1
DA:38,5
DA:39,5
DA:40,2
DA:41,5
DA:42,1
DA:43,5
DA:44,1
DA:45,5
DA:46,1
DA:47,5
DA:48,0
DA:49,5
DA:50,1
DA:51,1
DA:52,1
DA:53,1
DA:54,1
DA:55,1
DA:56,1
DA:57,1
DA:58,1
DA:59,1
DA:60,1
DA:61,1
DA:62,1
DA:63,1
DA:64,1
DA:65,1
DA:66,1
DA:67,1
DA:68,1
DA:69,1
DA:70,1
DA:71,1
DA:72,1
DA:73,1
DA:74,1
LF:74
LH:73
BRDA:7,0,0,2
BRDA:9,1,0,2
BRDA:11,2,0,2
BRDA:13,3,0,1
BRDA:17,4,0,5
BRDA:18,5,0,1
BRDA:20,6,0,4
BRDA:21,7,0,2
BRDA:24,8,0,2
BRDA:24,9,0,1
BRDA:36,10,0,1
BRDA:37,11,0,5
BRDA:39,12,0,2
BRDA:41,13,0,1
BRDA:43,14,0,1
BRDA:45,15,0,1
BRDA:47,16,0,0
BRDA:54,17,0,1
BRF:18
BRH:17
end_of_record
TN:
SF:src/parse.js
FN:1,parse
FNF:1
FNH:1
FNDA:2,parse
DA:1,1
DA:2,2
DA:3,2
DA:4,2
DA:5,0
DA:6,0
DA:7,1
DA:8,1
LF:8
LH:6
BRDA:1,0,0,2
BRDA:4,1,0,0
BRF:2
BRH:1
end_of_record
